{
  "stats": {
    "suites": 1,
    "tests": 2,
    "passes": 2,
    "pending": 0,
    "failures": 0,
    "start": "2022-08-06T14:22:48.721Z",
    "end": "2022-08-06T14:22:52.696Z",
    "duration": 3975,
    "testsRegistered": 2,
    "passPercent": 100,
    "pendingPercent": 0,
    "other": 0,
    "hasOther": false,
    "skipped": 0,
    "hasSkipped": false
  },
  "results": [
    {
      "uuid": "7aad194e-6140-4a97-8e83-32a92029e437",
      "title": "",
      "fullFile": "cypress/e2e/com-healthcaresuccess/home-page.cy.js",
      "file": "cypress/e2e/com-healthcaresuccess/home-page.cy.js",
      "beforeHooks": [],
      "afterHooks": [],
      "tests": [],
      "suites": [
        {
          "uuid": "503fcd25-2151-4ae1-8ebd-78064bb0ccdb",
          "title": "Home page validation and navigation ",
          "fullFile": "",
          "file": "",
          "beforeHooks": [],
          "afterHooks": [],
          "tests": [
            {
              "title": "should verify the header link  ",
              "fullTitle": "Home page validation and navigation  should verify the header link  ",
              "timedOut": null,
              "duration": 1439,
              "state": "passed",
              "speed": "fast",
              "pass": true,
              "fail": false,
              "pending": false,
              "context": null,
              "code": "cy.get('#menu-top-navigation>li').should(\"be.visible\").should(\"have.length\", \"6\");",
              "err": {},
              "uuid": "2c2bdc8d-e459-4b35-a668-a0f54fa680ea",
              "parentUUID": "503fcd25-2151-4ae1-8ebd-78064bb0ccdb",
              "isHook": false,
              "skipped": false
            },
            {
              "title": "should select the brand option from service",
              "fullTitle": "Home page validation and navigation  should select the brand option from service",
              "timedOut": null,
              "duration": 2445,
              "state": "passed",
              "speed": "fast",
              "pass": true,
              "fail": false,
              "pending": false,
              "context": null,
              "code": "cy.get('[id^=menu-item]>[href$=\"/marketing-services\"]').should(\"be.visible\").click();\ncy.get('[href$=\"marketing-services/branding\"]').first().should(\"be.visible\").click();\ncy.location().should(loc => {\n  expect(loc.href).to.eq(\"https://healthcaresuccess.com/marketing-services/branding\");\n});",
              "err": {},
              "uuid": "83e8b452-a39b-409c-a9b9-da67b8a8a4f9",
              "parentUUID": "503fcd25-2151-4ae1-8ebd-78064bb0ccdb",
              "isHook": false,
              "skipped": false
            }
          ],
          "suites": [],
          "passes": [
            "2c2bdc8d-e459-4b35-a668-a0f54fa680ea",
            "83e8b452-a39b-409c-a9b9-da67b8a8a4f9"
          ],
          "failures": [],
          "pending": [],
          "skipped": [],
          "duration": 3884,
          "root": false,
          "rootEmpty": false,
          "_timeout": 2000
        }
      ],
      "passes": [],
      "failures": [],
      "pending": [],
      "skipped": [],
      "duration": 0,
      "root": true,
      "rootEmpty": true,
      "_timeout": 2000
    }
  ],
  "meta": {
    "mocha": {
      "version": "7.0.1"
    },
    "mochawesome": {
      "options": {
        "quiet": false,
        "reportFilename": "mochawesome",
        "saveHtml": true,
        "saveJson": true,
        "consoleReporter": "spec",
        "useInlineDiffs": false,
        "code": true
      },
      "version": "7.1.3"
    },
    "marge": {
      "options": null,
      "version": "6.2.0"
    }
  }
}